Build started 2014-12-04 11:02:32.
     1>Project "D:\Dev\GitHub\MultiPacKTU\MultiPacServer\MultiPacServer\MultiPacServer.vcxproj" on node 2 (Rebuild target(s)).
     1>ClCompile:
         D:\Program Files (x86)\Microsoft Visual Studio 12.0\VC\bin\CL.exe /c /ZI /nologo /W3 /WX- /sdl /Od /Oy- /D _MBCS /Gm /EHsc /RTC1 /MD /GS /fp:precise /Zc:wchar_t /Zc:forScope /Fo"Debug\\" /Fd"Debug\vc120.pdb" /Gd /TP /analyze- /errorReport:prompt Core.cpp Entity.cpp Game.cpp Ghost.cpp Player.cpp timer.cpp
         timer.cpp
         Player.cpp
         Ghost.cpp
         Game.cpp
         Entity.cpp
         Core.cpp
         Generating Code...
       Link:
         D:\Program Files (x86)\Microsoft Visual Studio 12.0\VC\bin\link.exe /ERRORREPORT:PROMPT /OUT:"D:\Dev\GitHub\MultiPacKTU\MultiPacServer\Debug\MultiPacServer.exe" /INCREMENTAL /NOLOGO SDL2.lib SDL2main.lib SDL2_net.lib kernel32.lib user32.lib gdi32.lib winspool.lib comdlg32.lib advapi32.lib shell32.lib ole32.lib oleaut32.lib uuid.lib odbc32.lib odbccp32.lib /MANIFEST /MANIFESTUAC:"level='asInvoker' uiAccess='false'" /manifest:embed /DEBUG /PDB:"D:\Dev\GitHub\MultiPacKTU\MultiPacServer\Debug\MultiPacServer.pdb" /SUBSYSTEM:CONSOLE /TLBID:1 /DYNAMICBASE /NXCOMPAT /IMPLIB:"D:\Dev\GitHub\MultiPacKTU\MultiPacServer\Debug\MultiPacServer.lib" /MACHINE:X86 Debug\Core.obj
         Debug\Entity.obj
         Debug\Game.obj
         Debug\Ghost.obj
         Debug\Player.obj
         Debug\timer.obj
         MultiPacServer.vcxproj -> D:\Dev\GitHub\MultiPacKTU\MultiPacServer\Debug\MultiPacServer.exe
     1>Done Building Project "D:\Dev\GitHub\MultiPacKTU\MultiPacServer\MultiPacServer\MultiPacServer.vcxproj" (Rebuild target(s)).

Build succeeded.

Time Elapsed 00:00:02.09
