h:\program files\github\repository\multipacktu\multipacclient\multipac\debug\vc120.pdb
h:\program files\github\repository\multipacktu\multipacclient\multipac\debug\vc120.idb
h:\program files\github\repository\multipacktu\multipacclient\multipac\debug\font_renderer.obj
h:\program files\github\repository\multipacktu\multipacclient\multipac\debug\server_connection.obj
h:\program files\github\repository\multipacktu\multipacclient\multipac\debug\state_map.obj
h:\program files\github\repository\multipacktu\multipacclient\multipac\debug\state_intro.obj
h:\program files\github\repository\multipacktu\multipacclient\multipac\debug\state_menu.obj
h:\program files\github\repository\multipacktu\multipacclient\multipac\debug\state_server_test.obj
h:\program files\github\repository\multipacktu\multipacclient\multipac\debug\state_test.obj
h:\program files\github\repository\multipacktu\multipacclient\multipac\debug\globals.obj
h:\program files\github\repository\multipacktu\multipacclient\multipac\debug\main.obj
h:\program files\github\repository\multipacktu\multipacclient\multipac\debug\timer.obj
h:\program files\github\repository\multipacktu\multipacclient\multipac\debug\map.obj
h:\program files\github\repository\multipacktu\multipacclient\multipac\debug\pacman.obj
h:\program files\github\repository\multipacktu\multipacclient\debug\multipacclient.ilk
h:\program files\github\repository\multipacktu\multipacclient\debug\multipacclient.exe
h:\program files\github\repository\multipacktu\multipacclient\debug\multipacclient.pdb
h:\program files\github\repository\multipacktu\multipacclient\multipac\debug\multipacclient.tlog\cl.command.1.tlog
h:\program files\github\repository\multipacktu\multipacclient\multipac\debug\multipacclient.tlog\cl.read.1.tlog
h:\program files\github\repository\multipacktu\multipacclient\multipac\debug\multipacclient.tlog\cl.write.1.tlog
h:\program files\github\repository\multipacktu\multipacclient\multipac\debug\multipacclient.tlog\link.command.1.tlog
h:\program files\github\repository\multipacktu\multipacclient\multipac\debug\multipacclient.tlog\link.read.1.tlog
h:\program files\github\repository\multipacktu\multipacclient\multipac\debug\multipacclient.tlog\link.write.1.tlog
