d:\dev\github\multipacktu\multipac\multipac\debug\vc120.pdb
d:\dev\github\multipacktu\multipac\multipac\debug\vc120.idb
d:\dev\github\multipacktu\multipac\multipac\debug\timer.obj
d:\dev\github\multipacktu\multipac\multipac\debug\state_test.obj
d:\dev\github\multipacktu\multipac\multipac\debug\globals.obj
d:\dev\github\multipacktu\multipac\multipac\debug\main.obj
d:\dev\github\multipacktu\multipacclient\multipac\debug\vc120.pdb
d:\dev\github\multipacktu\multipacclient\multipac\debug\vc120.idb
d:\dev\github\multipacktu\multipacclient\multipac\debug\state_menu.obj
d:\dev\github\multipacktu\multipacclient\multipac\debug\state_test.obj
d:\dev\github\multipacktu\multipacclient\multipac\debug\globals.obj
d:\dev\github\multipacktu\multipacclient\multipac\debug\main.obj
d:\dev\github\multipacktu\multipacclient\multipac\debug\timer.obj
d:\dev\github\multipacktu\multipac\debug\multipac.ilk
d:\dev\github\multipacktu\multipac\debug\multipac.exe
d:\dev\github\multipacktu\multipac\debug\multipac.pdb
d:\dev\github\multipacktu\multipacclient\debug\multipac.pdb
d:\dev\github\multipacktu\multipacclient\multipac\debug\multipac.tlog\cl.command.1.tlog
d:\dev\github\multipacktu\multipacclient\multipac\debug\multipac.tlog\cl.read.1.tlog
d:\dev\github\multipacktu\multipacclient\multipac\debug\multipac.tlog\cl.write.1.tlog
d:\dev\github\multipacktu\multipacclient\multipac\debug\multipac.tlog\link-cvtres.read.1.tlog
d:\dev\github\multipacktu\multipacclient\multipac\debug\multipac.tlog\link-cvtres.write.1.tlog
d:\dev\github\multipacktu\multipacclient\multipac\debug\multipac.tlog\link-rc.read.1.tlog
d:\dev\github\multipacktu\multipacclient\multipac\debug\multipac.tlog\link-rc.write.1.tlog
d:\dev\github\multipacktu\multipacclient\multipac\debug\multipac.tlog\link.command.1.tlog
d:\dev\github\multipacktu\multipacclient\multipac\debug\multipac.tlog\link.read.1.tlog
d:\dev\github\multipacktu\multipacclient\multipac\debug\multipac.tlog\link.write.1.tlog
