Build started 2014.12.02 05:49:01.
     1>Project "h:\Program Files\MultiPacKTU\MultiPacClient\MultiPac\MultiPac.vcxproj" on node 2 (Rebuild target(s)).
     1>C:\Program Files (x86)\MSBuild\Microsoft.Cpp\v4.0\V120\Microsoft.CppBuild.targets(381,5): warning MSB8028: The intermediate directory (Debug\) contains files shared from another project (MultiPac.vcxproj).  This can lead to incorrect clean and rebuild behavior.
     1>ClCompile:
         H:\Program Files\Microsoft Visual Studio 12.0\VC\bin\CL.exe /c /ZI /nologo /W3 /WX- /sdl /Od /Oy- /D _MBCS /Gm /EHsc /RTC1 /MD /GS /fp:precise /Zc:wchar_t /Zc:forScope /Fo"Debug\\" /Fd"Debug\vc120.pdb" /Gd /TP /analyze- /errorReport:prompt font_renderer.cpp ghost.cpp items.cpp map.cpp pacman.cpp score.cpp server_connection.cpp state_map.cpp state_intro.cpp state_map_movement.cpp state_menu.cpp state_server_test.cpp state_test.cpp globals.cpp main.cpp timer.cpp
         timer.cpp
         main.cpp
         globals.cpp
         state_test.cpp
         state_server_test.cpp
         state_menu.cpp
         state_map_movement.cpp
     1>h:\program files\multipacktu\multipacclient\multipac\state_map_movement.cpp(191): warning C4101: 'error' : unreferenced local variable
         state_intro.cpp
         state_map.cpp
         server_connection.cpp
         score.cpp
         pacman.cpp
         map.cpp
         items.cpp
         ghost.cpp
         font_renderer.cpp
         Generating Code...
       Link:
         H:\Program Files\Microsoft Visual Studio 12.0\VC\bin\link.exe /ERRORREPORT:PROMPT /OUT:"H:\Program Files\MultiPacKTU\MultiPacClient\Debug\MultiPacClient.exe" /INCREMENTAL /NOLOGO SDL2.lib SDL2main.lib SDL2_net.lib SDL2_mixer.lib kernel32.lib user32.lib gdi32.lib winspool.lib comdlg32.lib advapi32.lib shell32.lib ole32.lib oleaut32.lib uuid.lib odbc32.lib odbccp32.lib /MANIFEST /MANIFESTUAC:"level='asInvoker' uiAccess='false'" /manifest:embed /DEBUG /PDB:"H:\Program Files\MultiPacKTU\MultiPacClient\Debug\MultiPacClient.pdb" /SUBSYSTEM:CONSOLE /TLBID:1 /DYNAMICBASE /NXCOMPAT /IMPLIB:"H:\Program Files\MultiPacKTU\MultiPacClient\Debug\MultiPacClient.lib" /MACHINE:X86 Debug\font_renderer.obj
         Debug\ghost.obj
         Debug\items.obj
         Debug\map.obj
         Debug\pacman.obj
         Debug\score.obj
         Debug\server_connection.obj
         Debug\state_map.obj
         Debug\state_intro.obj
         Debug\state_map_movement.obj
         Debug\state_menu.obj
         Debug\state_server_test.obj
         Debug\state_test.obj
         Debug\globals.obj
         Debug\main.obj
         Debug\timer.obj
         MultiPac.vcxproj -> H:\Program Files\MultiPacKTU\MultiPacClient\Debug\MultiPacClient.exe
     1>Done Building Project "h:\Program Files\MultiPacKTU\MultiPacClient\MultiPac\MultiPac.vcxproj" (Rebuild target(s)).

Build succeeded.

Time Elapsed 00:00:04.46
