Build started 2014-10-10 15:22:05.
     1>Project "D:\Dev\GitHub\MultiPacKTU\MultiPacClient\MultiPac\MultiPac.vcxproj" on node 2 (Build target(s)).
     1>C:\Program Files (x86)\MSBuild\Microsoft.Cpp\v4.0\V120\Microsoft.CppBuild.targets(388,5): warning MSB8028: The intermediate directory (Release\) contains files shared from another project (MultiPac.vcxproj).  This can lead to incorrect clean and rebuild behavior.
     1>ClCompile:
         D:\Program Files (x86)\Microsoft Visual Studio 12.0\VC\bin\CL.exe /c /Zi /nologo /W3 /WX- /sdl /O2 /Oi /Oy- /GL /D _MBCS /Gm- /EHsc /MD /GS /Gy /fp:precise /Zc:wchar_t /Zc:forScope /Fo"Release\\" /Fd"Release\vc120.pdb" /Gd /TP /analyze- /errorReport:prompt font_renderer.cpp server_connection.cpp state_map.cpp state_intro.cpp state_menu.cpp state_server_test.cpp state_test.cpp globals.cpp main.cpp timer.cpp
         font_renderer.cpp
         server_connection.cpp
         state_map.cpp
         state_intro.cpp
         state_menu.cpp
         state_server_test.cpp
         state_test.cpp
         globals.cpp
         main.cpp
         timer.cpp
       Link:
         D:\Program Files (x86)\Microsoft Visual Studio 12.0\VC\bin\link.exe /ERRORREPORT:PROMPT /OUT:"D:\Dev\GitHub\MultiPacKTU\MultiPacClient\Release\MultiPacClient.exe" /NOLOGO SDL2.lib SDL2main.lib SDL2_net.lib kernel32.lib user32.lib gdi32.lib winspool.lib comdlg32.lib advapi32.lib shell32.lib ole32.lib oleaut32.lib uuid.lib odbc32.lib odbccp32.lib /MANIFEST /MANIFESTUAC:"level='asInvoker' uiAccess='false'" /manifest:embed /DEBUG /PDB:"D:\Dev\GitHub\MultiPacKTU\MultiPacClient\Release\MultiPacClient.pdb" /SUBSYSTEM:CONSOLE /OPT:REF /OPT:ICF /LTCG /TLBID:1 /DYNAMICBASE /NXCOMPAT /IMPLIB:"D:\Dev\GitHub\MultiPacKTU\MultiPacClient\Release\MultiPacClient.lib" /MACHINE:X86 /SAFESEH Release\font_renderer.obj
         Release\server_connection.obj
         Release\state_map.obj
         Release\state_intro.obj
         Release\state_menu.obj
         Release\state_server_test.obj
         Release\state_test.obj
         Release\globals.obj
         Release\main.obj
         Release\timer.obj
         Generating code
         Finished generating code
         MultiPac.vcxproj -> D:\Dev\GitHub\MultiPacKTU\MultiPacClient\Release\MultiPacClient.exe
     1>Done Building Project "D:\Dev\GitHub\MultiPacKTU\MultiPacClient\MultiPac\MultiPac.vcxproj" (Build target(s)).

Build succeeded.

Time Elapsed 00:00:05.13
